正常--####--进入Bus->queryLine--####,传入参数queryParam：8
正常--####--进入DDBusUtil-》httpUtil--####,传入参数url：http://m.doudou360.com/bus/i/line.ashx?query=8
正常--####--出来DDBusUtil-》httpUtil--####
正常--####--出来Bus->queryLine--####,返回resMap：{code=0000, name=8路, id=811, desc=1}
正常--####--进入Bus->getBusInfo--####,传入参数busline：811,desc:1
正常--####--进入DDBusUtil-》httpUtil--####,传入参数url：http://m.doudou360.com/bus/i/live.ashx?lid=811&_=1452005192749
正常--####--出来DDBusUtil-》httpUtil--####
正常--####--出来Bus->getBusInfo--####,返回resString：{"success":1,"message":"","result":{"name":"8路","cur":{"lid":811,"sid":4679,"dire":"上行","time":["",""]},"oppo":{"lid":812,"sid":4678},"stas":["客运中心","石柱湾","新和成","塔山村口","塔山村","新龙实业","七星大桥","和悦广场","体育馆","行政服务中心","鼓山公园","佛城大酒店","大佛城","人民医院(南)","新昌报社","南明小学","新昌宾馆","新世纪广场","联盟新村","青年路小学","实验小学","新东门","秀水苑","达利广场","育英路口","教师之家","城东大桥","华佳热电","中财公司","东站"],"live":[[8,0,1],[13,0,1],[19,0,1],[28,0,1]],"next":""}}

正常--####--进入Bus->dealInfo--####,传入参数busInfo：
{"success":1,"message":"","result":{"name":"8路","cur":{"lid":811,"sid":4679,"dire":"上行","time":["",""]},"oppo":{"lid":812,"sid":4678},"stas":["客运中心","石柱湾","新和成","塔山村口","塔山村","新龙实业","七星大桥","和悦广场","体育馆","行政服务中心","鼓山公园","佛城大酒店","大佛城","人民医院(南)","新昌报社","南明小学","新昌宾馆","新世纪广场","联盟新村","青年路小学","实验小学","新东门","秀水苑","达利广场","育英路口","教师之家","城东大桥","华佳热电","中财公司","东站"],"live":[[8,0,1],[13,0,1],[19,0,1],[28,0,1]],"next":""}}

正常--####--出来Bus->dealInfo--####,返回resMap：{code=0000, stas=  客运中心
  石柱湾
  新和成
  塔山村口
  塔山村
  新龙实业
  七星大桥
  和悦广场
>体育馆
  行政服务中心
  鼓山公园
  佛城大酒店
  大佛城
>人民医院(南)
  新昌报社
  南明小学
  新昌宾馆
  新世纪广场
  联盟新村
>青年路小学
  实验小学
  新东门
  秀水苑
  达利广场
  育英路口
  教师之家
  城东大桥
  华佳热电
>中财公司
  东站
, name=8路, isBusness=ok, desc="客运中心" 开往 "东站"}
正常--####--进入Bus->getBusInfo--####,传入参数busline：111,desc:2
正常--####--进入DDBusUtil-》httpUtil--####,传入参数url：http://m.doudou360.com/bus/i/live.ashx?lid=112&_=1452005192749
正常--####--出来DDBusUtil-》httpUtil--####
正常--####--出来Bus->getBusInfo--####,返回resString：{"success":1,"message":"","result":{"name":"1路","cur":{"lid":112,"sid":4126,"dire":"下行","time":["",""]},"oppo":{"lid":111,"sid":4129},"stas":["客运东站","中财公司","华佳热电","城东大桥","教师之家","育英路口","达利广场","秀水苑","新东门","实验小学","柴行口","横街电信大楼","县政府","建设银行","南明小学","钟楼菜场","人民医院(北)","工商银行","西环岛","鼓山公园","七星综合市场","七星一村","七星中学","中医院","电力调度中心","张家庄","实验幼儿园","客运西站","五四桥","茶市北门(七星医院)","侯村","质监局","三花悦庄","三花美墅","赵婆岙村口","竹里人家","百合园","东旺实业","西山村","泰坦公司","五都村","新柴股份","双菱轴承","万丰后溪","客运中心"],"live":[[4,0,1],[17,0,1],[29,1,1],[34,1,1],[44,0,2]],"next":""}}

正常--####--进入Bus->queryLine--####,传入参数queryParam：8
正常--####--进入DDBusUtil-》httpUtil--####,传入参数url：http://m.doudou360.com/bus/i/line.ashx?query=8
正常--####--出来DDBusUtil-》httpUtil--####
正常--####--出来Bus->queryLine--####,返回resMap：{code=0000, name=8路, id=811, desc=1}
正常--####--进入Bus->getBusInfo--####,传入参数busline：811,desc:1
正常--####--进入DDBusUtil-》httpUtil--####,传入参数url：http://m.doudou360.com/bus/i/live.ashx?lid=811&_=1452005192749
正常--####--出来DDBusUtil-》httpUtil--####
正常--####--出来Bus->getBusInfo--####,返回resString：{"success":1,"message":"","result":{"name":"8路","cur":{"lid":811,"sid":4679,"dire":"上行","time":["",""]},"oppo":{"lid":812,"sid":4678},"stas":["客运中心","石柱湾","新和成","塔山村口","塔山村","新龙实业","七星大桥","和悦广场","体育馆","行政服务中心","鼓山公园","佛城大酒店","大佛城","人民医院(南)","新昌报社","南明小学","新昌宾馆","新世纪广场","联盟新村","青年路小学","实验小学","新东门","秀水苑","达利广场","育英路口","教师之家","城东大桥","华佳热电","中财公司","东站"],"live":[[2,0,1],[6,0,1],[10,0,1],[18,1,1],[19,0,1]],"next":""}}

正常--####--进入Bus->dealInfo--####,传入参数busInfo：
{"success":1,"message":"","result":{"name":"8路","cur":{"lid":811,"sid":4679,"dire":"上行","time":["",""]},"oppo":{"lid":812,"sid":4678},"stas":["客运中心","石柱湾","新和成","塔山村口","塔山村","新龙实业","七星大桥","和悦广场","体育馆","行政服务中心","鼓山公园","佛城大酒店","大佛城","人民医院(南)","新昌报社","南明小学","新昌宾馆","新世纪广场","联盟新村","青年路小学","实验小学","新东门","秀水苑","达利广场","育英路口","教师之家","城东大桥","华佳热电","中财公司","东站"],"live":[[2,0,1],[6,0,1],[10,0,1],[18,1,1],[19,0,1]],"next":""}}

正常--####--出来Bus->dealInfo--####,返回resMap：{code=0000, stas=  客运中心
  石柱湾
>新和成
  塔山村口
  塔山村
  新龙实业
>七星大桥
  和悦广场
  体育馆
  行政服务中心
>鼓山公园
  佛城大酒店
  大佛城
  人民医院(南)
  新昌报社
  南明小学
  新昌宾馆
=新世纪广场
  联盟新村
>青年路小学
  实验小学
  新东门
  秀水苑
  达利广场
  育英路口
  教师之家
  城东大桥
  华佳热电
  中财公司
  东站
, name=8路, isBusness=ok, desc="客运中心" 开往 "东站"}
